<?xml version="1.0" encoding="UTF-8"?>
<beans xmlns="http://www.springframework.org/schema/beans"
	xmlns:xsi="http://www.w3.org/2001/XMLSchema-instance"
	xsi:schemaLocation="http://www.springframework.org/schema/beans
                        http://www.springframework.org/schema/beans/spring-beans.xsd">


  
    <bean id="dataSource" class="ca.cihi.blueprint.core.util.tomcat.TomcatVaultStoredDataSource">
        <property name="driverClassName" value="oracle.jdbc.OracleDriver"/>
        <property name="url" value="jdbc:oracle:thin:@//cldawdbdev02.cihi.ca:1525/devdb05_orapp.cihi.ca"/>
		<property name="username" value="${local.cims.testdb.username}"/>
		<property name="password" value="${local.cims.testdb.password}"/>		
	</bean>
       
</beans>