<?xml version="1.0" encoding="UTF-8"?>

<beans xmlns="http://www.springframework.org/schema/beans"
	xmlns:security="http://www.springframework.org/schema/security"
	xmlns:xsi="http://www.w3.org/2001/XMLSchema-instance"
    xmlns:context="http://www.springframework.org/schema/context"
	xsi:schemaLocation="http://www.springframework.org/schema/beans
                        http://www.springframework.org/schema/beans/spring-beans.xsd
                        http://www.springframework.org/schema/jee
                        http://www.springframework.org/schema/jee/spring-jee.xsd
                        http://www.springframework.org/schema/lang http://www.springframework.org/schema/lang/spring-lang.xsd
                        http://www.springframework.org/schema/security
                        http://www.springframework.org/schema/security/spring-security.xsd">

<!-- 	<bean id="propertyConfigurer" 
	  class="org.springframework.beans.factory.config.PropertyPlaceholderConfigurer">
	    <property name="location" value="classpath:test.properties" />
	</bean> -->

    <bean id="dataSource" class="ca.cihi.blueprint.core.util.tomcat.TomcatVaultStoredDataSource">
        <property name="driverClassName" value="oracle.jdbc.OracleDriver"/>
        <property name="url" value="jdbc:oracle:thin:@//cldawdbdev02.cihi.ca:1525/devdb05_orapp.cihi.ca"/>
	    <property name="username" value="${local.cims.testdb.username}"/>
		<property name="password" value="${local.cims.testdb.password}"/>		
	</bean>
    
    <bean id="snomedDataSource" class="ca.cihi.blueprint.core.util.tomcat.TomcatVaultStoredDataSource">
        <property name="driverClassName" value="oracle.jdbc.OracleDriver"/>
        <property name="url" value="jdbc:oracle:thin:@//cldawdbdev02.cihi.ca:1525/devdb05_orapp.cihi.ca"/>
		<property name="username" value="VAULT:CIHI::SCT_MDDS_USERNAME::"/>
		<property name="password" value="VAULT::CIHI::SCT_MDDS_PASSWORD::"/>
	</bean>
	
	 <bean id="snomedSTGDataSource" class="ca.cihi.blueprint.core.util.tomcat.TomcatVaultStoredDataSource">
        <property name="driverClassName" value="oracle.jdbc.OracleDriver"/>
        <property name="url" value="jdbc:oracle:thin:@//cldawdbdev02.cihi.ca:1525/devdb05_orapp.cihi.ca"/>
		<property name="username" value="VAULT::CIHI::SCT_MD_STGDS_USERNAME::"/>
		<property name="password" value="VAULT::CIHI::SCT_MD_STGDS_PASSWORD::"/>
	</bean>

	<!-- <bean id="snomedSCTDataSource" class="org.springframework.jdbc.datasource.DriverManagerDataSource">
        <property name="driverClassName" value="oracle.jdbc.OracleDriver"/>
        <property name="url" value="jdbc:oracle:thin:@dm04-scan:1528/devdb05_orapp.cihi.ca"/>
		<property name="username" value="SCT_MD"/>
		<property name="password" value="rs3ft0fw3U"/>
	</bean> -->
</beans>